[debug] [2023-04-30T02:25:49.323Z] ----------------------------------------------------------------------
[debug] [2023-04-30T02:25:49.326Z] Command:       C:\Program Files\nodejs\node.exe C:\Program Files\nodejs\node_modules\firebase-tools\lib\bin\firebase.js init hosting
[debug] [2023-04-30T02:25:49.327Z] CLI Version:   11.29.1
[debug] [2023-04-30T02:25:49.328Z] Platform:      win32
[debug] [2023-04-30T02:25:49.328Z] Node Version:  v16.14.0
[debug] [2023-04-30T02:25:49.329Z] Time:          Sat Apr 29 2023 22:25:49 GMT-0400 (hora de Bolivia)
[debug] [2023-04-30T02:25:49.330Z] ----------------------------------------------------------------------
[debug] 
[debug] [2023-04-30T02:25:49.343Z] > command requires scopes: ["email","openid","https://www.googleapis.com/auth/cloudplatformprojects.readonly","https://www.googleapis.com/auth/firebase","https://www.googleapis.com/auth/cloud-platform"]
[debug] [2023-04-30T02:25:49.344Z] > authorizing via signed-in user (conychips.dev@gmail.com)
[info] 
     ######## #### ########  ######## ########     ###     ######  ########
     ##        ##  ##     ## ##       ##     ##  ##   ##  ##       ##
     ######    ##  ########  ######   ########  #########  ######  ######
     ##        ##  ##    ##  ##       ##     ## ##     ##       ## ##
     ##       #### ##     ## ######## ########  ##     ##  ######  ########

You're about to initialize a Firebase project in this directory:

  D:\Trabajos\Chips\ConyChips\conychips

[info] 
=== Project Setup
[info] 
[info] First, let's associate this project directory with a Firebase project.
[info] You can create multiple project aliases by running firebase use --add, 
[info] but for now we'll just set up a default project.
[info] 
[debug] [2023-04-30T02:26:12.102Z] >>> [apiv2][query] GET https://firebase.googleapis.com/v1beta1/projects pageSize=100
[debug] [2023-04-30T02:26:12.847Z] <<< [apiv2][status] GET https://firebase.googleapis.com/v1beta1/projects 200
[debug] [2023-04-30T02:26:12.848Z] <<< [apiv2][body] GET https://firebase.googleapis.com/v1beta1/projects [omitted]
[info] i  Using project conychips-564c9 (ConyChips) 
[info] 
=== Hosting Setup
[info] 
[info] Your public directory is the folder (relative to your project directory) that
[info] will contain Hosting assets to be uploaded with firebase deploy. If you
[info] have a build process for your assets, use your build's output directory.
[info] 
